Flow report for RockBand
Wed Nov 28 14:47:53 2018
Quartus Prime Version 18.0.0 Build 614 04/24/2018 SJ Lite Edition


---------------------
; Table of Contents ;
---------------------
  1. Legal Notice
  2. Flow Summary
  3. Flow Settings
  4. Flow Non-Default Global Settings
  5. Flow Elapsed Time
  6. Flow OS Summary
  7. Flow Log
  8. Flow Messages
  9. Flow Suppressed Messages



----------------
; Legal Notice ;
----------------
Copyright (C) 2018  Intel Corporation. All rights reserved.
Your use of Intel Corporation's design tools, logic functions 
and other software and tools, and its AMPP partner logic 
functions, and any output files from any of the foregoing 
(including device programming or simulation files), and any 
associated documentation or information are expressly subject 
to the terms and conditions of the Intel Program License 
Subscription Agreement, the Intel Quartus Prime License Agreement,
the Intel FPGA IP License Agreement, or other applicable license
agreement, including, without limitation, that your use is for
the sole purpose of programming logic devices manufactured by
Intel and sold by Intel or its authorized distributors.  Please
refer to the applicable agreement for further details.



+-------------------------------------------------------------------------------+
; Flow Summary                                                                  ;
+---------------------------------+---------------------------------------------+
; Flow Status                     ; Successful - Wed Nov 28 14:47:31 2018       ;
; Quartus Prime Version           ; 18.0.0 Build 614 04/24/2018 SJ Lite Edition ;
; Revision Name                   ; RockBand                                    ;
; Top-level Entity Name           ; RockBand                                    ;
; Family                          ; Cyclone V                                   ;
; Device                          ; 5CSEMA5F31C6                                ;
; Timing Models                   ; Final                                       ;
; Logic utilization (in ALMs)     ; 1,398 / 32,070 ( 4 % )                      ;
; Total registers                 ; 610                                         ;
; Total pins                      ; 46 / 457 ( 10 % )                           ;
; Total virtual pins              ; 0                                           ;
; Total block memory bits         ; 2,076,160 / 4,065,280 ( 51 % )              ;
; Total DSP Blocks                ; 0 / 87 ( 0 % )                              ;
; Total HSSI RX PCSs              ; 0                                           ;
; Total HSSI PMA RX Deserializers ; 0                                           ;
; Total HSSI TX PCSs              ; 0                                           ;
; Total HSSI PMA TX Serializers   ; 0                                           ;
; Total PLLs                      ; 1 / 6 ( 17 % )                              ;
; Total DLLs                      ; 0 / 4 ( 0 % )                               ;
+---------------------------------+---------------------------------------------+


+-----------------------------------------+
; Flow Settings                           ;
+-------------------+---------------------+
; Option            ; Setting             ;
+-------------------+---------------------+
; Start date & time ; 11/28/2018 14:43:44 ;
; Main task         ; Compilation         ;
; Revision Name     ; RockBand            ;
+-------------------+---------------------+


+-------------------------------------------------------------------------------------------------------------------------+
; Flow Non-Default Global Settings                                                                                        ;
+-------------------------------------+----------------------------------------+---------------+-------------+------------+
; Assignment Name                     ; Value                                  ; Default Value ; Entity Name ; Section Id ;
+-------------------------------------+----------------------------------------+---------------+-------------+------------+
; COMPILER_SIGNATURE_ID               ; 123745746617083.154343422405600        ; --            ; --          ; --         ;
; MAX_CORE_JUNCTION_TEMP              ; 85                                     ; --            ; --          ; --         ;
; MIN_CORE_JUNCTION_TEMP              ; 0                                      ; --            ; --          ; --         ;
; MISC_FILE                           ; notes_display_bb.v                     ; --            ; --          ; --         ;
; MISC_FILE                           ; Background_ram_bb.v                    ; --            ; --          ; --         ;
; MISC_FILE                           ; song1_bb.v                             ; --            ; --          ; --         ;
; MISC_FILE                           ; test_bb.v                              ; --            ; --          ; --         ;
; MISC_FILE                           ; test_shift_inst.v                      ; --            ; --          ; --         ;
; MISC_FILE                           ; test_shift_bb.v                        ; --            ; --          ; --         ;
; MISC_FILE                           ; notes_display_test_bb.v                ; --            ; --          ; --         ;
; MISC_FILE                           ; notes_display_test_two_bb.v            ; --            ; --          ; --         ;
; MISC_FILE                           ; notes_display_test_three_bb.v          ; --            ; --          ; --         ;
; MISC_FILE                           ; gameover_bb.v                          ; --            ; --          ; --         ;
; PARTITION_COLOR                     ; -- (Not supported for targeted family) ; --            ; --          ; Top        ;
; PARTITION_FITTER_PRESERVATION_LEVEL ; -- (Not supported for targeted family) ; --            ; --          ; Top        ;
; PARTITION_NETLIST_TYPE              ; -- (Not supported for targeted family) ; --            ; --          ; Top        ;
; POWER_BOARD_THERMAL_MODEL           ; None (CONSERVATIVE)                    ; --            ; --          ; --         ;
; POWER_PRESET_COOLING_SOLUTION       ; 23 MM HEAT SINK WITH 200 LFPM AIRFLOW  ; --            ; --          ; --         ;
; PROJECT_OUTPUT_DIRECTORY            ; output_files                           ; --            ; --          ; --         ;
+-------------------------------------+----------------------------------------+---------------+-------------+------------+


+--------------------------------------------------------------------------------------------------------------------------+
; Flow Elapsed Time                                                                                                        ;
+----------------------+--------------+-------------------------+---------------------+------------------------------------+
; Module Name          ; Elapsed Time ; Average Processors Used ; Peak Virtual Memory ; Total CPU Time (on all processors) ;
+----------------------+--------------+-------------------------+---------------------+------------------------------------+
; Analysis & Synthesis ; 00:00:22     ; 1.0                     ; 4879 MB             ; 00:00:40                           ;
; Fitter               ; 00:03:07     ; 1.1                     ; 6369 MB             ; 00:04:55                           ;
; Assembler            ; 00:00:12     ; 1.0                     ; 4904 MB             ; 00:00:12                           ;
; Timing Analyzer      ; 00:00:21     ; 1.5                     ; 5246 MB             ; 00:00:29                           ;
; Total                ; 00:04:02     ; --                      ; --                  ; 00:06:16                           ;
+----------------------+--------------+-------------------------+---------------------+------------------------------------+


+------------------------------------------------------------------------------------+
; Flow OS Summary                                                                    ;
+----------------------+------------------+------------+------------+----------------+
; Module Name          ; Machine Hostname ; OS Name    ; OS Version ; Processor type ;
+----------------------+------------------+------------+------------+----------------+
; Analysis & Synthesis ; Suhayb-PC        ; Windows 10 ; 10.0       ; x86_64         ;
; Fitter               ; Suhayb-PC        ; Windows 10 ; 10.0       ; x86_64         ;
; Assembler            ; Suhayb-PC        ; Windows 10 ; 10.0       ; x86_64         ;
; Timing Analyzer      ; Suhayb-PC        ; Windows 10 ; 10.0       ; x86_64         ;
+----------------------+------------------+------------+------------+----------------+


------------
; Flow Log ;
------------
quartus_map --read_settings_files=on --write_settings_files=off RockBand -c RockBand
quartus_fit --read_settings_files=off --write_settings_files=off RockBand -c RockBand
quartus_asm --read_settings_files=off --write_settings_files=off RockBand -c RockBand
quartus_sta RockBand -c RockBand



